[ 2023-06-25 23:26:29,224 ] 24 root - INFO - Data Ingestion methods Starts
[ 2023-06-25 23:26:29,786 ] 29 root - INFO - Dataset read as pandas Dataframe
[ 2023-06-25 23:26:30,649 ] 33 root - INFO - Train test split
[ 2023-06-25 23:26:33,129 ] 39 root - INFO - Ingestion of Data is completed
[ 2023-06-25 23:26:33,208 ] 54 root - INFO - Read train and test data completed
[ 2023-06-25 23:26:33,254 ] 55 root - INFO - Train Dataframe Head : 
      ID  LIMIT_BAL  SEX  EDUCATION  MARRIAGE  AGE  PAY_0  PAY_2  PAY_3  PAY_4  PAY_5  PAY_6  BILL_AMT1  BILL_AMT2  BILL_AMT3  BILL_AMT4  BILL_AMT5  BILL_AMT6  PAY_AMT1  PAY_AMT2  PAY_AMT3  PAY_AMT4  PAY_AMT5  PAY_AMT6  default.payment.next.month
0  15181    50000.0    2          2         2   23      2      0      0      0      0      0    48668.0    48554.0    45445.0    38551.0    28056.0    28310.0    4034.0    2000.0    5008.0    1000.0    2000.0    1000.0                           1
1   7990   180000.0    2          1         2   43     -2     -2     -2     -2     -2     -2        0.0        0.0        0.0     5436.0      100.0     9330.0       0.0       0.0    5436.0     100.0    9330.0       0.0                           0
2  29382    20000.0    1          2         1   28      0      0      0      0      0      0    18941.0    16568.0    17222.0    18045.0    18083.0    18123.0    1500.0    1300.0    1500.0     700.0     700.0    2600.0                           0
3   5220    80000.0    2          2         1   47      0      0      2      0      0      0    77714.0    79049.0    79206.0    78031.0    78293.0    78870.0    5000.0    3000.0    3000.0    3000.0    3000.0    5000.0                           1
4  16160   110000.0    2          2         2   39      0      0      0      0      0      0   111533.0   110367.0   112974.0   108390.0   107180.0   107309.0    5500.0    5900.0    5500.0    5000.0    5000.0    4300.0                           0
[ 2023-06-25 23:26:33,254 ] 56 root - INFO - Test Dataframe Head  : 
      ID  LIMIT_BAL  SEX  EDUCATION  MARRIAGE  AGE  PAY_0  PAY_2  PAY_3  PAY_4  PAY_5  PAY_6  BILL_AMT1  BILL_AMT2  BILL_AMT3  BILL_AMT4  BILL_AMT5  BILL_AMT6  PAY_AMT1  PAY_AMT2  PAY_AMT3  PAY_AMT4  PAY_AMT5  PAY_AMT6  default.payment.next.month
0   7708    20000.0    1          2         1   37      0      0      0      0      2      0    17214.0     9633.0    10944.0    11280.0    11011.0     7755.0    2248.0    1500.0     757.0       0.0     430.0    1000.0                           0
1  17434   210000.0    2          2         2   45      1     -2     -2     -2     -2     -2        0.0        0.0        0.0        0.0        0.0        0.0       0.0       0.0       0.0       0.0       0.0       0.0                           0
2  15669   410000.0    1          1         2   27      0     -1     -1      0     -1     -1     7189.0    15646.0    15678.0    40512.0    17884.0    34251.0   16090.0   16076.0   40203.0   17974.0   34518.0     369.0                           0
3  21927   210000.0    2          1         2   29     -2     -2     -2     -2     -2     -2    10692.0       -3.0       -3.0       -3.0      650.0     1850.0       0.0       0.0       0.0     653.0    1859.0    1411.0                           0
4  28354   170000.0    2          1         2   39      0      0      0      0      0     -1    60514.0    33711.0    21660.0    23307.0    15135.0     3527.0    5011.0    5000.0    6538.0    4167.0    3527.0    7521.0                           0
[ 2023-06-25 23:26:33,254 ] 57 root - INFO - Obtaining preprocessing object
[ 2023-06-25 23:26:33,254 ] 26 root - INFO - Data Transformation initiated
[ 2023-06-25 23:26:33,254 ] 31 root - INFO - Pipeline Initiated
[ 2023-06-25 23:26:33,254 ] 40 root - INFO - Pipeline Completed
[ 2023-06-25 23:26:33,379 ] 82 root - INFO - Applying preprocessing object on training and testing datasets.
[ 2023-06-25 23:26:33,382 ] 93 root - INFO - Preprocessor pickle file saved
[ 2023-06-25 23:26:33,384 ] 26 root - INFO - Splitting Dependent and Independent variables from train and test data
[ 2023-06-25 23:26:37,431 ] 40 root - INFO - Model Report : {'RandomForestClassifier': 0.8189333333333333}
[ 2023-06-25 23:26:37,431 ] 53 root - INFO - Model Name : RandomForestClassifier , Accuracy Score : 0.8189333333333333
